<?xml version="1.0" encoding="UTF-8"?>
<!-- Generated by org.testng.reporters.JUnitReportReporter -->
<testsuite hostname="DESKTOP-UMRLRJO" failures="0" tests="1" name="testScript.SubCategoriesAddNewTest" time="17.388" errors="0" timestamp="2024-10-16T01:30:17 IST" skipped="0">
  <testcase classname="testScript.SubCategoriesAddNewTest" name="verifyAddingSubCategoryWithValidDetails" time="17.388"/>
  <system-out/>
</testsuite> <!-- testScript.SubCategoriesAddNewTest -->
