<?xml version="1.0" encoding="UTF-8"?>
<!-- Generated by org.testng.reporters.JUnitReportReporter -->
<testsuite hostname="DESKTOP-UMRLRJO" failures="0" tests="1" name="testScript.LoginTest" time="10.501" errors="0" timestamp="2024-10-16T00:55:30 IST" skipped="0">
  <testcase classname="testScript.LoginTest" name="verifyUserIsNotAbleToLoginInUsingInValidCredentials" time="10.501"/>
  <system-out/>
</testsuite> <!-- testScript.LoginTest -->
