<?xml version="1.0" encoding="UTF-8"?>
<!-- Generated by org.testng.reporters.JUnitReportReporter -->
<testsuite hostname="DESKTOP-UMRLRJO" failures="0" tests="1" name="testScript.AdminTest" time="14.178" errors="0" timestamp="2024-10-17T03:17:49 IST" skipped="0">
  <testcase classname="testScript.AdminTest" name="verifyAddingNewUser" time="14.178"/>
  <system-out/>
</testsuite> <!-- testScript.AdminTest -->
